# JRE version: OpenJDK Runtime Environment Temurin-21.0.6+7 (21.0.6+7) (build 21.0.6+7-LTS)
# Java VM: OpenJDK 64-Bit Server VM Temurin-21.0.6+7 (21.0.6+7-LTS, mixed mode, sharing, tiered, compressed oops, compressed class ptrs, parallel gc, linux-amd64)
GC Precious Log:
 CardTable entry size: 512
 CPUs: 16 total, 16 available
 Memory: 15859M
 Large Page Support: Disabled
 NUMA Support: Disabled
 Compressed Oops: Enabled (32-bit)
 Alignments: Space 512K, Generation 512K, Heap 2M
 Heap Min Capacity: 100M
 Heap Initial Capacity: 100M
 Heap Max Capacity: 1G
 Pre-touch: Disabled
 Parallel Workers: 13
Heap:
 PSYoungGen      total 6144K, used 5756K [0x00000000eab00000, 0x00000000eb280000, 0x0000000100000000)
  eden space 4608K, 100% used [0x00000000eab00000,0x00000000eaf80000,0x00000000eaf80000)
  from space 1536K, 74% used [0x00000000eb100000,0x00000000eb21f3f8,0x00000000eb280000)
  to   space 1536K, 0% used [0x00000000eaf80000,0x00000000eaf80000,0x00000000eb100000)
 ParOldGen       total 181760K, used 153115K [0x00000000c0000000, 0x00000000cb180000, 0x00000000eab00000)
  object space 181760K, 84% used [0x00000000c0000000,0x00000000c9586eb0,0x00000000cb180000)
 Metaspace       used 58644K, committed 59968K, reserved 1114112K
  class space    used 6005K, committed 6592K, reserved 1048576K
GC Heap History (20 events):
Event: 6,137 GC heap before
{Heap before GC invocations=124 (full 2):
 PSYoungGen      total 6144K, used 5790K [0x00000000eab00000, 0x00000000eb280000, 0x0000000100000000)
  eden space 4608K, 100% used [0x00000000eab00000,0x00000000eaf80000,0x00000000eaf80000)
  from space 1536K, 76% used [0x00000000eaf80000,0x00000000eb0a7ac8,0x00000000eb100000)
  to   space 1536K, 0% used [0x00000000eb100000,0x00000000eb100000,0x00000000eb280000)
 ParOldGen       total 177664K, used 177204K [0x00000000c0000000, 0x00000000cad80000, 0x00000000eab00000)
  object space 177664K, 99% used [0x00000000c0000000,0x00000000cad0d208,0x00000000cad80000)
 Metaspace       used 58192K, committed 59456K, reserved 1114112K
  class space    used 5967K, committed 6528K, reserved 1048576K
}
Event: 6,140 GC heap after
{Heap after GC invocations=124 (full 2):
 PSYoungGen      total 6144K, used 1212K [0x00000000eab00000, 0x00000000eb280000, 0x0000000100000000)
  eden space 4608K, 0% used [0x00000000eab00000,0x00000000eab00000,0x00000000eaf80000)
  from space 1536K, 78% used [0x00000000eb100000,0x00000000eb22f1e0,0x00000000eb280000)
  to   space 1536K, 0% used [0x00000000eaf80000,0x00000000eaf80000,0x00000000eb100000)
 ParOldGen       total 178688K, used 178212K [0x00000000c0000000, 0x00000000cae80000, 0x00000000eab00000)
  object space 178688K, 99% used [0x00000000c0000000,0x00000000cae09300,0x00000000cae80000)
 Metaspace       used 58192K, committed 59456K, reserved 1114112K
  class space    used 5967K, committed 6528K, reserved 1048576K
}
Event: 6,150 GC heap before
{Heap before GC invocations=125 (full 2):
 PSYoungGen      total 6144K, used 5820K [0x00000000eab00000, 0x00000000eb280000, 0x0000000100000000)
  eden space 4608K, 100% used [0x00000000eab00000,0x00000000eaf80000,0x00000000eaf80000)
  from space 1536K, 78% used [0x00000000eb100000,0x00000000eb22f1e0,0x00000000eb280000)
  to   space 1536K, 0% used [0x00000000eaf80000,0x00000000eaf80000,0x00000000eb100000)
 ParOldGen       total 178688K, used 178212K [0x00000000c0000000, 0x00000000cae80000, 0x00000000eab00000)
  object space 178688K, 99% used [0x00000000c0000000,0x00000000cae09300,0x00000000cae80000)
 Metaspace       used 58267K, committed 59584K, reserved 1114112K
  class space    used 5978K, committed 6528K, reserved 1048576K
}
Event: 6,152 GC heap after
{Heap after GC invocations=125 (full 2):
 PSYoungGen      total 6144K, used 1212K [0x00000000eab00000, 0x00000000eb280000, 0x0000000100000000)
  eden space 4608K, 0% used [0x00000000eab00000,0x00000000eab00000,0x00000000eaf80000)
  from space 1536K, 78% used [0x00000000eaf80000,0x00000000eb0af2c0,0x00000000eb100000)
  to   space 1536K, 0% used [0x00000000eb100000,0x00000000eb100000,0x00000000eb280000)
 ParOldGen       total 179712K, used 179267K [0x00000000c0000000, 0x00000000caf80000, 0x00000000eab00000)
  object space 179712K, 99% used [0x00000000c0000000,0x00000000caf10df8,0x00000000caf80000)
 Metaspace       used 58267K, committed 59584K, reserved 1114112K
  class space    used 5978K, committed 6528K, reserved 1048576K
}
Event: 6,162 GC heap before
{Heap before GC invocations=126 (full 2):
 PSYoungGen      total 6144K, used 5820K [0x00000000eab00000, 0x00000000eb280000, 0x0000000100000000)
  eden space 4608K, 100% used [0x00000000eab00000,0x00000000eaf80000,0x00000000eaf80000)
  from space 1536K, 78% used [0x00000000eaf80000,0x00000000eb0af2c0,0x00000000eb100000)
  to   space 1536K, 0% used [0x00000000eb100000,0x00000000eb100000,0x00000000eb280000)
 ParOldGen       total 179712K, used 179267K [0x00000000c0000000, 0x00000000caf80000, 0x00000000eab00000)
  object space 179712K, 99% used [0x00000000c0000000,0x00000000caf10df8,0x00000000caf80000)
 Metaspace       used 58384K, committed 59648K, reserved 1114112K
  class space    used 5985K, committed 6528K, reserved 1048576K
}
Event: 6,164 GC heap after
{Heap after GC invocations=126 (full 2):
 PSYoungGen      total 6144K, used 1208K [0x00000000eab00000, 0x00000000eb280000, 0x0000000100000000)
  eden space 4608K, 0% used [0x00000000eab00000,0x00000000eab00000,0x00000000eaf80000)
  from space 1536K, 78% used [0x00000000eb100000,0x00000000eb22e3e0,0x00000000eb280000)
  to   space 1536K, 0% used [0x00000000eaf80000,0x00000000eaf80000,0x00000000eb100000)
 ParOldGen       total 180736K, used 180256K [0x00000000c0000000, 0x00000000cb080000, 0x00000000eab00000)
  object space 180736K, 99% used [0x00000000c0000000,0x00000000cb0080a8,0x00000000cb080000)
 Metaspace       used 58384K, committed 59648K, reserved 1114112K
  class space    used 5985K, committed 6528K, reserved 1048576K
}
Event: 6,172 GC heap before
{Heap before GC invocations=127 (full 2):
 PSYoungGen      total 6144K, used 4925K [0x00000000eab00000, 0x00000000eb280000, 0x0000000100000000)
  eden space 4608K, 80% used [0x00000000eab00000,0x00000000eaea1388,0x00000000eaf80000)
  from space 1536K, 78% used [0x00000000eb100000,0x00000000eb22e3e0,0x00000000eb280000)
  to   space 1536K, 0% used [0x00000000eaf80000,0x00000000eaf80000,0x00000000eb100000)
 ParOldGen       total 180736K, used 180256K [0x00000000c0000000, 0x00000000cb080000, 0x00000000eab00000)
  object space 180736K, 99% used [0x00000000c0000000,0x00000000cb0080a8,0x00000000cb080000)
 Metaspace       used 58467K, committed 59776K, reserved 1114112K
  class space    used 5991K, committed 6592K, reserved 1048576K
}
Event: 6,174 GC heap after
{Heap after GC invocations=127 (full 2):
 PSYoungGen      total 6144K, used 1092K [0x00000000eab00000, 0x00000000eb280000, 0x0000000100000000)
  eden space 4608K, 0% used [0x00000000eab00000,0x00000000eab00000,0x00000000eaf80000)
  from space 1536K, 71% used [0x00000000eaf80000,0x00000000eb091398,0x00000000eb100000)
  to   space 1536K, 0% used [0x00000000eb100000,0x00000000eb100000,0x00000000eb280000)
 ParOldGen       total 181760K, used 181263K [0x00000000c0000000, 0x00000000cb180000, 0x00000000eab00000)
  object space 181760K, 99% used [0x00000000c0000000,0x00000000cb103ea0,0x00000000cb180000)
 Metaspace       used 58467K, committed 59776K, reserved 1114112K
  class space    used 5991K, committed 6592K, reserved 1048576K
}
Event: 6,174 GC heap before
{Heap before GC invocations=128 (full 3):
 PSYoungGen      total 6144K, used 1092K [0x00000000eab00000, 0x00000000eb280000, 0x0000000100000000)
  eden space 4608K, 0% used [0x00000000eab00000,0x00000000eab00000,0x00000000eaf80000)
  from space 1536K, 71% used [0x00000000eaf80000,0x00000000eb091398,0x00000000eb100000)
  to   space 1536K, 0% used [0x00000000eb100000,0x00000000eb100000,0x00000000eb280000)
 ParOldGen       total 181760K, used 181263K [0x00000000c0000000, 0x00000000cb180000, 0x00000000eab00000)
  object space 181760K, 99% used [0x00000000c0000000,0x00000000cb103ea0,0x00000000cb180000)
 Metaspace       used 58467K, committed 59776K, reserved 1114112K
  class space    used 5991K, committed 6592K, reserved 1048576K
}
Event: 6,300 GC heap after
{Heap after GC invocations=128 (full 3):
 PSYoungGen      total 6144K, used 0K [0x00000000eab00000, 0x00000000eb280000, 0x0000000100000000)
  eden space 4608K, 0% used [0x00000000eab00000,0x00000000eab00000,0x00000000eaf80000)
  from space 1536K, 0% used [0x00000000eaf80000,0x00000000eaf80000,0x00000000eb100000)
  to   space 1536K, 0% used [0x00000000eb100000,0x00000000eb100000,0x00000000eb280000)
 ParOldGen       total 181760K, used 149035K [0x00000000c0000000, 0x00000000cb180000, 0x00000000eab00000)
  object space 181760K, 81% used [0x00000000c0000000,0x00000000c918ad70,0x00000000cb180000)
 Metaspace       used 58467K, committed 59776K, reserved 1114112K
  class space    used 5991K, committed 6592K, reserved 1048576K
}
Event: 6,310 GC heap before
{Heap before GC invocations=129 (full 3):
 PSYoungGen      total 6144K, used 4607K [0x00000000eab00000, 0x00000000eb280000, 0x0000000100000000)
  eden space 4608K, 99% used [0x00000000eab00000,0x00000000eaf7fd48,0x00000000eaf80000)
  from space 1536K, 0% used [0x00000000eaf80000,0x00000000eaf80000,0x00000000eb100000)
  to   space 1536K, 0% used [0x00000000eb100000,0x00000000eb100000,0x00000000eb280000)
 ParOldGen       total 181760K, used 149035K [0x00000000c0000000, 0x00000000cb180000, 0x00000000eab00000)
  object space 181760K, 81% used [0x00000000c0000000,0x00000000c918ad70,0x00000000cb180000)
 Metaspace       used 58561K, committed 59904K, reserved 1114112K
  class space    used 6000K, committed 6592K, reserved 1048576K
}
Event: 6,312 GC heap after
{Heap after GC invocations=129 (full 3):
 PSYoungGen      total 6144K, used 1180K [0x00000000eab00000, 0x00000000eb280000, 0x0000000100000000)
  eden space 4608K, 0% used [0x00000000eab00000,0x00000000eab00000,0x00000000eaf80000)
  from space 1536K, 76% used [0x00000000eb100000,0x00000000eb2270b0,0x00000000eb280000)
  to   space 1536K, 0% used [0x00000000eaf80000,0x00000000eaf80000,0x00000000eb100000)
 ParOldGen       total 181760K, used 149035K [0x00000000c0000000, 0x00000000cb180000, 0x00000000eab00000)
  object space 181760K, 81% used [0x00000000c0000000,0x00000000c918ad70,0x00000000cb180000)
 Metaspace       used 58561K, committed 59904K, reserved 1114112K
  class space    used 6000K, committed 6592K, reserved 1048576K
}
Event: 6,323 GC heap before
{Heap before GC invocations=130 (full 3):
 PSYoungGen      total 6144K, used 5788K [0x00000000eab00000, 0x00000000eb280000, 0x0000000100000000)
  eden space 4608K, 100% used [0x00000000eab00000,0x00000000eaf80000,0x00000000eaf80000)
  from space 1536K, 76% used [0x00000000eb100000,0x00000000eb2270b0,0x00000000eb280000)
  to   space 1536K, 0% used [0x00000000eaf80000,0x00000000eaf80000,0x00000000eb100000)
 ParOldGen       total 181760K, used 149035K [0x00000000c0000000, 0x00000000cb180000, 0x00000000eab00000)
  object space 181760K, 81% used [0x00000000c0000000,0x00000000c918ad70,0x00000000cb180000)
 Metaspace       used 58610K, committed 59968K, reserved 1114112K
  class space    used 6004K, committed 6592K, reserved 1048576K
}
Event: 6,325 GC heap after
{Heap after GC invocations=130 (full 3):
 PSYoungGen      total 6144K, used 1125K [0x00000000eab00000, 0x00000000eb280000, 0x0000000100000000)
  eden space 4608K, 0% used [0x00000000eab00000,0x00000000eab00000,0x00000000eaf80000)
  from space 1536K, 73% used [0x00000000eaf80000,0x00000000eb099738,0x00000000eb100000)
  to   space 1536K, 0% used [0x00000000eb100000,0x00000000eb100000,0x00000000eb280000)
 ParOldGen       total 181760K, used 150057K [0x00000000c0000000, 0x00000000cb180000, 0x00000000eab00000)
  object space 181760K, 82% used [0x00000000c0000000,0x00000000c928a6a8,0x00000000cb180000)
 Metaspace       used 58610K, committed 59968K, reserved 1114112K
  class space    used 6004K, committed 6592K, reserved 1048576K
}
Event: 6,337 GC heap before
{Heap before GC invocations=131 (full 3):
 PSYoungGen      total 6144K, used 5723K [0x00000000eab00000, 0x00000000eb280000, 0x0000000100000000)
  eden space 4608K, 99% used [0x00000000eab00000,0x00000000eaf7d7f0,0x00000000eaf80000)
  from space 1536K, 73% used [0x00000000eaf80000,0x00000000eb099738,0x00000000eb100000)
  to   space 1536K, 0% used [0x00000000eb100000,0x00000000eb100000,0x00000000eb280000)
 ParOldGen       total 181760K, used 150057K [0x00000000c0000000, 0x00000000cb180000, 0x00000000eab00000)
  object space 181760K, 82% used [0x00000000c0000000,0x00000000c928a6a8,0x00000000cb180000)
 Metaspace       used 58625K, committed 59968K, reserved 1114112K
  class space    used 6004K, committed 6592K, reserved 1048576K
}
Event: 6,339 GC heap after
{Heap after GC invocations=131 (full 3):
 PSYoungGen      total 6144K, used 1176K [0x00000000eab00000, 0x00000000eb280000, 0x0000000100000000)
  eden space 4608K, 0% used [0x00000000eab00000,0x00000000eab00000,0x00000000eaf80000)
  from space 1536K, 76% used [0x00000000eb100000,0x00000000eb2261c0,0x00000000eb280000)
  to   space 1536K, 0% used [0x00000000eaf80000,0x00000000eaf80000,0x00000000eb100000)
 ParOldGen       total 181760K, used 151038K [0x00000000c0000000, 0x00000000cb180000, 0x00000000eab00000)
  object space 181760K, 83% used [0x00000000c0000000,0x00000000c937faf0,0x00000000cb180000)
 Metaspace       used 58625K, committed 59968K, reserved 1114112K
  class space    used 6004K, committed 6592K, reserved 1048576K
}
Event: 6,350 GC heap before
{Heap before GC invocations=132 (full 3):
 PSYoungGen      total 6144K, used 5784K [0x00000000eab00000, 0x00000000eb280000, 0x0000000100000000)
  eden space 4608K, 100% used [0x00000000eab00000,0x00000000eaf80000,0x00000000eaf80000)
  from space 1536K, 76% used [0x00000000eb100000,0x00000000eb2261c0,0x00000000eb280000)
  to   space 1536K, 0% used [0x00000000eaf80000,0x00000000eaf80000,0x00000000eb100000)
 ParOldGen       total 181760K, used 151038K [0x00000000c0000000, 0x00000000cb180000, 0x00000000eab00000)
  object space 181760K, 83% used [0x00000000c0000000,0x00000000c937faf0,0x00000000cb180000)
 Metaspace       used 58642K, committed 59968K, reserved 1114112K
  class space    used 6005K, committed 6592K, reserved 1048576K
}
Event: 6,352 GC heap after
{Heap after GC invocations=132 (full 3):
 PSYoungGen      total 6144K, used 1339K [0x00000000eab00000, 0x00000000eb280000, 0x0000000100000000)
  eden space 4608K, 0% used [0x00000000eab00000,0x00000000eab00000,0x00000000eaf80000)
  from space 1536K, 87% used [0x00000000eaf80000,0x00000000eb0cef80,0x00000000eb100000)
  to   space 1536K, 0% used [0x00000000eb100000,0x00000000eb100000,0x00000000eb280000)
 ParOldGen       total 181760K, used 152023K [0x00000000c0000000, 0x00000000cb180000, 0x00000000eab00000)
  object space 181760K, 83% used [0x00000000c0000000,0x00000000c9475ef8,0x00000000cb180000)
 Metaspace       used 58642K, committed 59968K, reserved 1114112K
  class space    used 6005K, committed 6592K, reserved 1048576K
}
Event: 6,361 GC heap before
{Heap before GC invocations=133 (full 3):
 PSYoungGen      total 6144K, used 5947K [0x00000000eab00000, 0x00000000eb280000, 0x0000000100000000)
  eden space 4608K, 100% used [0x00000000eab00000,0x00000000eaf80000,0x00000000eaf80000)
  from space 1536K, 87% used [0x00000000eaf80000,0x00000000eb0cef80,0x00000000eb100000)
  to   space 1536K, 0% used [0x00000000eb100000,0x00000000eb100000,0x00000000eb280000)
 ParOldGen       total 181760K, used 152023K [0x00000000c0000000, 0x00000000cb180000, 0x00000000eab00000)
  object space 181760K, 83% used [0x00000000c0000000,0x00000000c9475ef8,0x00000000cb180000)
 Metaspace       used 58644K, committed 59968K, reserved 1114112K
  class space    used 6005K, committed 6592K, reserved 1048576K
}
Event: 6,363 GC heap after
{Heap after GC invocations=133 (full 3):
 PSYoungGen      total 6144K, used 1148K [0x00000000eab00000, 0x00000000eb280000, 0x0000000100000000)
  eden space 4608K, 0% used [0x00000000eab00000,0x00000000eab00000,0x00000000eaf80000)
  from space 1536K, 74% used [0x00000000eb100000,0x00000000eb21f3f8,0x00000000eb280000)
  to   space 1536K, 0% used [0x00000000eaf80000,0x00000000eaf80000,0x00000000eb100000)
 ParOldGen       total 181760K, used 153115K [0x00000000c0000000, 0x00000000cb180000, 0x00000000eab00000)
  object space 181760K, 84% used [0x00000000c0000000,0x00000000c9586eb0,0x00000000cb180000)
 Metaspace       used 58644K, committed 59968K, reserved 1114112K
  class space    used 6005K, committed 6592K, reserved 1048576K
}

