# JRE version: OpenJDK Runtime Environment Temurin-21.0.6+7 (21.0.6+7) (build 21.0.6+7-LTS)
# Java VM: OpenJDK 64-Bit Server VM Temurin-21.0.6+7 (21.0.6+7-LTS, mixed mode, sharing, tiered, compressed oops, compressed class ptrs, parallel gc, linux-amd64)
GC Precious Log:
 CardTable entry size: 512
 CPUs: 16 total, 16 available
 Memory: 15859M
 Large Page Support: Disabled
 NUMA Support: Disabled
 Compressed Oops: Enabled (32-bit)
 Alignments: Space 512K, Generation 512K, Heap 2M
 Heap Min Capacity: 100M
 Heap Initial Capacity: 100M
 Heap Max Capacity: 1G
 Pre-touch: Disabled
 Parallel Workers: 13
Heap:
 PSYoungGen      total 5120K, used 2162K [0x00000000eab00000, 0x00000000eb280000, 0x0000000100000000)
  eden space 4096K, 37% used [0x00000000eab00000,0x00000000eac7cbb0,0x00000000eaf00000)
  from space 1024K, 62% used [0x00000000eaf00000,0x00000000eafa0000,0x00000000eb000000)
  to   space 1536K, 0% used [0x00000000eb100000,0x00000000eb100000,0x00000000eb280000)
 ParOldGen       total 680960K, used 680845K [0x00000000c0000000, 0x00000000e9900000, 0x00000000eab00000)
  object space 680960K, 99% used [0x00000000c0000000,0x00000000e98e3738,0x00000000e9900000)
 Metaspace       used 87321K, committed 88960K, reserved 1179648K
  class space    used 8541K, committed 9280K, reserved 1048576K
GC Heap History (20 events):
Event: 312,611 GC heap before
{Heap before GC invocations=1744 (full 5):
 PSYoungGen      total 6144K, used 6128K [0x00000000eab00000, 0x00000000eb400000, 0x0000000100000000)
  eden space 5632K, 100% used [0x00000000eab00000,0x00000000eb080000,0x00000000eb080000)
  from space 512K, 96% used [0x00000000eb300000,0x00000000eb37c010,0x00000000eb380000)
  to   space 512K, 0% used [0x00000000eb380000,0x00000000eb380000,0x00000000eb400000)
 ParOldGen       total 675328K, used 674977K [0x00000000c0000000, 0x00000000e9380000, 0x00000000eab00000)
  object space 675328K, 99% used [0x00000000c0000000,0x00000000e9328688,0x00000000e9380000)
 Metaspace       used 87225K, committed 88832K, reserved 1179648K
  class space    used 8540K, committed 9280K, reserved 1048576K
}
Event: 312,614 GC heap after
{Heap after GC invocations=1744 (full 5):
 PSYoungGen      total 6144K, used 512K [0x00000000eab00000, 0x00000000eb400000, 0x0000000100000000)
  eden space 5632K, 0% used [0x00000000eab00000,0x00000000eab00000,0x00000000eb080000)
  from space 512K, 100% used [0x00000000eb380000,0x00000000eb400000,0x00000000eb400000)
  to   space 1536K, 0% used [0x00000000eb100000,0x00000000eb100000,0x00000000eb280000)
 ParOldGen       total 675840K, used 675673K [0x00000000c0000000, 0x00000000e9400000, 0x00000000eab00000)
  object space 675840K, 99% used [0x00000000c0000000,0x00000000e93d6688,0x00000000e9400000)
 Metaspace       used 87225K, committed 88832K, reserved 1179648K
  class space    used 8540K, committed 9280K, reserved 1048576K
}
Event: 312,873 GC heap before
{Heap before GC invocations=1745 (full 5):
 PSYoungGen      total 6144K, used 6144K [0x00000000eab00000, 0x00000000eb400000, 0x0000000100000000)
  eden space 5632K, 100% used [0x00000000eab00000,0x00000000eb080000,0x00000000eb080000)
  from space 512K, 100% used [0x00000000eb380000,0x00000000eb400000,0x00000000eb400000)
  to   space 1536K, 0% used [0x00000000eb100000,0x00000000eb100000,0x00000000eb280000)
 ParOldGen       total 675840K, used 675673K [0x00000000c0000000, 0x00000000e9400000, 0x00000000eab00000)
  object space 675840K, 99% used [0x00000000c0000000,0x00000000e93d6688,0x00000000e9400000)
 Metaspace       used 87228K, committed 88832K, reserved 1179648K
  class space    used 8540K, committed 9280K, reserved 1048576K
}
Event: 312,875 GC heap after
{Heap after GC invocations=1745 (full 5):
 PSYoungGen      total 7168K, used 288K [0x00000000eab00000, 0x00000000eb400000, 0x0000000100000000)
  eden space 5632K, 0% used [0x00000000eab00000,0x00000000eab00000,0x00000000eb080000)
  from space 1536K, 18% used [0x00000000eb100000,0x00000000eb148000,0x00000000eb280000)
  to   space 1024K, 0% used [0x00000000eb300000,0x00000000eb300000,0x00000000eb400000)
 ParOldGen       total 676352K, used 676197K [0x00000000c0000000, 0x00000000e9480000, 0x00000000eab00000)
  object space 676352K, 99% used [0x00000000c0000000,0x00000000e9459698,0x00000000e9480000)
 Metaspace       used 87228K, committed 88832K, reserved 1179648K
  class space    used 8540K, committed 9280K, reserved 1048576K
}
Event: 312,908 GC heap before
{Heap before GC invocations=1746 (full 5):
 PSYoungGen      total 7168K, used 5920K [0x00000000eab00000, 0x00000000eb400000, 0x0000000100000000)
  eden space 5632K, 100% used [0x00000000eab00000,0x00000000eb080000,0x00000000eb080000)
  from space 1536K, 18% used [0x00000000eb100000,0x00000000eb148000,0x00000000eb280000)
  to   space 1024K, 0% used [0x00000000eb300000,0x00000000eb300000,0x00000000eb400000)
 ParOldGen       total 676352K, used 676197K [0x00000000c0000000, 0x00000000e9480000, 0x00000000eab00000)
  object space 676352K, 99% used [0x00000000c0000000,0x00000000e9459698,0x00000000e9480000)
 Metaspace       used 87275K, committed 88896K, reserved 1179648K
  class space    used 8540K, committed 9280K, reserved 1048576K
}
Event: 312,909 GC heap after
{Heap after GC invocations=1746 (full 5):
 PSYoungGen      total 6656K, used 1008K [0x00000000eab00000, 0x00000000eb400000, 0x0000000100000000)
  eden space 5632K, 0% used [0x00000000eab00000,0x00000000eab00000,0x00000000eb080000)
  from space 1024K, 98% used [0x00000000eb300000,0x00000000eb3fc010,0x00000000eb400000)
  to   space 1536K, 0% used [0x00000000eb100000,0x00000000eb100000,0x00000000eb280000)
 ParOldGen       total 676864K, used 676381K [0x00000000c0000000, 0x00000000e9500000, 0x00000000eab00000)
  object space 676864K, 99% used [0x00000000c0000000,0x00000000e9487698,0x00000000e9500000)
 Metaspace       used 87275K, committed 88896K, reserved 1179648K
  class space    used 8540K, committed 9280K, reserved 1048576K
}
Event: 313,180 GC heap before
{Heap before GC invocations=1747 (full 5):
 PSYoungGen      total 6656K, used 6640K [0x00000000eab00000, 0x00000000eb400000, 0x0000000100000000)
  eden space 5632K, 100% used [0x00000000eab00000,0x00000000eb080000,0x00000000eb080000)
  from space 1024K, 98% used [0x00000000eb300000,0x00000000eb3fc010,0x00000000eb400000)
  to   space 1536K, 0% used [0x00000000eb100000,0x00000000eb100000,0x00000000eb280000)
 ParOldGen       total 676864K, used 676381K [0x00000000c0000000, 0x00000000e9500000, 0x00000000eab00000)
  object space 676864K, 99% used [0x00000000c0000000,0x00000000e9487698,0x00000000e9500000)
 Metaspace       used 87278K, committed 88896K, reserved 1179648K
  class space    used 8540K, committed 9280K, reserved 1048576K
}
Event: 313,182 GC heap after
{Heap after GC invocations=1747 (full 5):
 PSYoungGen      total 7168K, used 352K [0x00000000eab00000, 0x00000000eb380000, 0x0000000100000000)
  eden space 5632K, 0% used [0x00000000eab00000,0x00000000eab00000,0x00000000eb080000)
  from space 1536K, 22% used [0x00000000eb100000,0x00000000eb158000,0x00000000eb280000)
  to   space 1024K, 0% used [0x00000000eb280000,0x00000000eb280000,0x00000000eb380000)
 ParOldGen       total 677888K, used 677413K [0x00000000c0000000, 0x00000000e9600000, 0x00000000eab00000)
  object space 677888K, 99% used [0x00000000c0000000,0x00000000e95896a8,0x00000000e9600000)
 Metaspace       used 87278K, committed 88896K, reserved 1179648K
  class space    used 8540K, committed 9280K, reserved 1048576K
}
Event: 313,607 GC heap before
{Heap before GC invocations=1748 (full 5):
 PSYoungGen      total 7168K, used 5984K [0x00000000eab00000, 0x00000000eb380000, 0x0000000100000000)
  eden space 5632K, 100% used [0x00000000eab00000,0x00000000eb080000,0x00000000eb080000)
  from space 1536K, 22% used [0x00000000eb100000,0x00000000eb158000,0x00000000eb280000)
  to   space 1024K, 0% used [0x00000000eb280000,0x00000000eb280000,0x00000000eb380000)
 ParOldGen       total 677888K, used 677413K [0x00000000c0000000, 0x00000000e9600000, 0x00000000eab00000)
  object space 677888K, 99% used [0x00000000c0000000,0x00000000e95896a8,0x00000000e9600000)
 Metaspace       used 87310K, committed 88896K, reserved 1179648K
  class space    used 8540K, committed 9280K, reserved 1048576K
}
Event: 313,609 GC heap after
{Heap after GC invocations=1748 (full 5):
 PSYoungGen      total 6144K, used 384K [0x00000000eab00000, 0x00000000eb300000, 0x0000000100000000)
  eden space 5632K, 0% used [0x00000000eab00000,0x00000000eab00000,0x00000000eb080000)
  from space 512K, 75% used [0x00000000eb280000,0x00000000eb2e0000,0x00000000eb300000)
  to   space 512K, 0% used [0x00000000eb200000,0x00000000eb200000,0x00000000eb280000)
 ParOldGen       total 677888K, used 677501K [0x00000000c0000000, 0x00000000e9600000, 0x00000000eab00000)
  object space 677888K, 99% used [0x00000000c0000000,0x00000000e959f6a8,0x00000000e9600000)
 Metaspace       used 87310K, committed 88896K, reserved 1179648K
  class space    used 8540K, committed 9280K, reserved 1048576K
}
Event: 313,633 GC heap before
{Heap before GC invocations=1749 (full 5):
 PSYoungGen      total 6144K, used 6016K [0x00000000eab00000, 0x00000000eb300000, 0x0000000100000000)
  eden space 5632K, 100% used [0x00000000eab00000,0x00000000eb080000,0x00000000eb080000)
  from space 512K, 75% used [0x00000000eb280000,0x00000000eb2e0000,0x00000000eb300000)
  to   space 512K, 0% used [0x00000000eb200000,0x00000000eb200000,0x00000000eb280000)
 ParOldGen       total 677888K, used 677501K [0x00000000c0000000, 0x00000000e9600000, 0x00000000eab00000)
  object space 677888K, 99% used [0x00000000c0000000,0x00000000e959f6a8,0x00000000e9600000)
 Metaspace       used 87310K, committed 88896K, reserved 1179648K
  class space    used 8540K, committed 9280K, reserved 1048576K
}
Event: 313,635 GC heap after
{Heap after GC invocations=1749 (full 5):
 PSYoungGen      total 6144K, used 512K [0x00000000eab00000, 0x00000000eb300000, 0x0000000100000000)
  eden space 5632K, 0% used [0x00000000eab00000,0x00000000eab00000,0x00000000eb080000)
  from space 512K, 100% used [0x00000000eb200000,0x00000000eb280000,0x00000000eb280000)
  to   space 512K, 0% used [0x00000000eb280000,0x00000000eb280000,0x00000000eb300000)
 ParOldGen       total 677888K, used 677813K [0x00000000c0000000, 0x00000000e9600000, 0x00000000eab00000)
  object space 677888K, 99% used [0x00000000c0000000,0x00000000e95ed598,0x00000000e9600000)
 Metaspace       used 87310K, committed 88896K, reserved 1179648K
  class space    used 8540K, committed 9280K, reserved 1048576K
}
Event: 313,745 GC heap before
{Heap before GC invocations=1750 (full 5):
 PSYoungGen      total 6144K, used 6144K [0x00000000eab00000, 0x00000000eb300000, 0x0000000100000000)
  eden space 5632K, 100% used [0x00000000eab00000,0x00000000eb080000,0x00000000eb080000)
  from space 512K, 100% used [0x00000000eb200000,0x00000000eb280000,0x00000000eb280000)
  to   space 512K, 0% used [0x00000000eb280000,0x00000000eb280000,0x00000000eb300000)
 ParOldGen       total 677888K, used 677813K [0x00000000c0000000, 0x00000000e9600000, 0x00000000eab00000)
  object space 677888K, 99% used [0x00000000c0000000,0x00000000e95ed598,0x00000000e9600000)
 Metaspace       used 87317K, committed 88960K, reserved 1179648K
  class space    used 8541K, committed 9280K, reserved 1048576K
}
Event: 313,747 GC heap after
{Heap after GC invocations=1750 (full 5):
 PSYoungGen      total 6144K, used 512K [0x00000000eab00000, 0x00000000eb380000, 0x0000000100000000)
  eden space 5632K, 0% used [0x00000000eab00000,0x00000000eab00000,0x00000000eb080000)
  from space 512K, 100% used [0x00000000eb280000,0x00000000eb300000,0x00000000eb300000)
  to   space 1536K, 0% used [0x00000000eb080000,0x00000000eb080000,0x00000000eb200000)
 ParOldGen       total 678912K, used 678503K [0x00000000c0000000, 0x00000000e9700000, 0x00000000eab00000)
  object space 678912K, 99% used [0x00000000c0000000,0x00000000e9699e98,0x00000000e9700000)
 Metaspace       used 87317K, committed 88960K, reserved 1179648K
  class space    used 8541K, committed 9280K, reserved 1048576K
}
Event: 314,675 GC heap before
{Heap before GC invocations=1751 (full 5):
 PSYoungGen      total 6144K, used 6144K [0x00000000eab00000, 0x00000000eb380000, 0x0000000100000000)
  eden space 5632K, 100% used [0x00000000eab00000,0x00000000eb080000,0x00000000eb080000)
  from space 512K, 100% used [0x00000000eb280000,0x00000000eb300000,0x00000000eb300000)
  to   space 1536K, 0% used [0x00000000eb080000,0x00000000eb080000,0x00000000eb200000)
 ParOldGen       total 678912K, used 678503K [0x00000000c0000000, 0x00000000e9700000, 0x00000000eab00000)
  object space 678912K, 99% used [0x00000000c0000000,0x00000000e9699e98,0x00000000e9700000)
 Metaspace       used 87319K, committed 88960K, reserved 1179648K
  class space    used 8541K, committed 9280K, reserved 1048576K
}
Event: 314,677 GC heap after
{Heap after GC invocations=1751 (full 5):
 PSYoungGen      total 7168K, used 960K [0x00000000eab00000, 0x00000000eb380000, 0x0000000100000000)
  eden space 5632K, 0% used [0x00000000eab00000,0x00000000eab00000,0x00000000eb080000)
  from space 1536K, 62% used [0x00000000eb080000,0x00000000eb170000,0x00000000eb200000)
  to   space 1536K, 0% used [0x00000000eb200000,0x00000000eb200000,0x00000000eb380000)
 ParOldGen       total 679424K, used 678999K [0x00000000c0000000, 0x00000000e9780000, 0x00000000eab00000)
  object space 679424K, 99% used [0x00000000c0000000,0x00000000e9715ec8,0x00000000e9780000)
 Metaspace       used 87319K, committed 88960K, reserved 1179648K
  class space    used 8541K, committed 9280K, reserved 1048576K
}
Event: 314,863 GC heap before
{Heap before GC invocations=1752 (full 5):
 PSYoungGen      total 7168K, used 6592K [0x00000000eab00000, 0x00000000eb380000, 0x0000000100000000)
  eden space 5632K, 100% used [0x00000000eab00000,0x00000000eb080000,0x00000000eb080000)
  from space 1536K, 62% used [0x00000000eb080000,0x00000000eb170000,0x00000000eb200000)
  to   space 1536K, 0% used [0x00000000eb200000,0x00000000eb200000,0x00000000eb380000)
 ParOldGen       total 679424K, used 678999K [0x00000000c0000000, 0x00000000e9780000, 0x00000000eab00000)
  object space 679424K, 99% used [0x00000000c0000000,0x00000000e9715ec8,0x00000000e9780000)
 Metaspace       used 87319K, committed 88960K, reserved 1179648K
  class space    used 8541K, committed 9280K, reserved 1048576K
}
Event: 314,866 GC heap after
{Heap after GC invocations=1752 (full 5):
 PSYoungGen      total 5632K, used 1536K [0x00000000eab00000, 0x00000000eb680000, 0x0000000100000000)
  eden space 4096K, 0% used [0x00000000eab00000,0x00000000eab00000,0x00000000eaf00000)
  from space 1536K, 100% used [0x00000000eb200000,0x00000000eb380000,0x00000000eb380000)
  to   space 3072K, 0% used [0x00000000eaf00000,0x00000000eaf00000,0x00000000eb200000)
 ParOldGen       total 679936K, used 679801K [0x00000000c0000000, 0x00000000e9800000, 0x00000000eab00000)
  object space 679936K, 99% used [0x00000000c0000000,0x00000000e97de748,0x00000000e9800000)
 Metaspace       used 87319K, committed 88960K, reserved 1179648K
  class space    used 8541K, committed 9280K, reserved 1048576K
}
Event: 314,875 GC heap before
{Heap before GC invocations=1753 (full 5):
 PSYoungGen      total 5632K, used 5632K [0x00000000eab00000, 0x00000000eb680000, 0x0000000100000000)
  eden space 4096K, 100% used [0x00000000eab00000,0x00000000eaf00000,0x00000000eaf00000)
  from space 1536K, 100% used [0x00000000eb200000,0x00000000eb380000,0x00000000eb380000)
  to   space 3072K, 0% used [0x00000000eaf00000,0x00000000eaf00000,0x00000000eb200000)
 ParOldGen       total 679936K, used 679801K [0x00000000c0000000, 0x00000000e9800000, 0x00000000eab00000)
  object space 679936K, 99% used [0x00000000c0000000,0x00000000e97de748,0x00000000e9800000)
 Metaspace       used 87319K, committed 88960K, reserved 1179648K
  class space    used 8541K, committed 9280K, reserved 1048576K
}
Event: 314,878 GC heap after
{Heap after GC invocations=1753 (full 5):
 PSYoungGen      total 5120K, used 640K [0x00000000eab00000, 0x00000000eb280000, 0x0000000100000000)
  eden space 4096K, 0% used [0x00000000eab00000,0x00000000eab00000,0x00000000eaf00000)
  from space 1024K, 62% used [0x00000000eaf00000,0x00000000eafa0000,0x00000000eb000000)
  to   space 1536K, 0% used [0x00000000eb100000,0x00000000eb100000,0x00000000eb280000)
 ParOldGen       total 680960K, used 680845K [0x00000000c0000000, 0x00000000e9900000, 0x00000000eab00000)
  object space 680960K, 99% used [0x00000000c0000000,0x00000000e98e3738,0x00000000e9900000)
 Metaspace       used 87319K, committed 88960K, reserved 1179648K
  class space    used 8541K, committed 9280K, reserved 1048576K
}

